<?xml version="1.0" encoding="UTF-8"?>
<!-- Generated by org.testng.reporters.JUnitXMLReporter -->
<testsuite ignored="0" hostname="LAPTOP-JC98PK94" failures="0" tests="3" name="Default test" time="79.347" errors="0" timestamp="2022-04-21T00:14:18 IST">
  <testcase classname="Com.SeleniumpracticeKp.Testclasses.PIMfunctionality" name="PIMfunction" time="3.427"/>
  <testcase classname="Com.SeleniumpracticeKp.Testclasses.PIMfunctionality" name="PIMfunction" time="4.422"/>
  <testcase classname="Com.SeleniumpracticeKp.Testclasses.PIMfunctionality" name="Adminfunction" time="2.272"/>
</testsuite> <!-- Default test -->
