<?xml version="1.0" encoding="UTF-8"?>
<!-- Generated by org.testng.reporters.JUnitXMLReporter -->
<testsuite ignored="0" hostname="LAPTOP-JC98PK94" failures="0" tests="4" name="Test" time="58.74" errors="0" timestamp="2022-04-21T11:50:08 IST">
  <testcase classname="Com.SeleniumpracticeKp.Testclasses.ORGlogin" name="Logingpage" time="0.039"/>
  <testcase classname="Com.SeleniumpracticeKp.Testclasses.PIMfunctionality" name="PIMfunction" time="3.679"/>
  <testcase classname="Com.SeleniumpracticeKp.Testclasses.PIMfunctionality" name="PIMfunction" time="2.693"/>
  <testcase classname="Com.SeleniumpracticeKp.Testclasses.PIMfunctionality" name="Adminfunction" time="1.639"/>
</testsuite> <!-- Test -->
