<?xml version="1.0" encoding="UTF-8"?>
<testng-results ignored="0" total="4" passed="4" failed="0" skipped="0">
  <reporter-output>
  </reporter-output>
  <suite started-at="2022-04-21T11:49:10 IST" name="Suite" finished-at="2022-04-21T11:50:08 IST" duration-ms="58740">
    <groups>
    </groups>
    <test started-at="2022-04-21T11:49:10 IST" name="Test" finished-at="2022-04-21T11:50:08 IST" duration-ms="58740">
      <class name="Com.SeleniumpracticeKp.Testclasses.ORGlogin">
        <test-method is-config="true" signature="SetupMethod()[pri:0, instance:Com.SeleniumpracticeKp.Testclasses.ORGlogin@59309333]" started-at="2022-04-21T11:49:10 IST" name="SetupMethod" finished-at="2022-04-21T11:49:28 IST" duration-ms="18762" status="PASS">
          <reporter-output>
          </reporter-output>
        </test-method> <!-- SetupMethod -->
        <test-method signature="Logingpage()[pri:0, instance:Com.SeleniumpracticeKp.Testclasses.ORGlogin@59309333]" started-at="2022-04-21T11:49:28 IST" name="Logingpage" finished-at="2022-04-21T11:49:28 IST" duration-ms="39" status="PASS">
          <reporter-output>
          </reporter-output>
        </test-method> <!-- Logingpage -->
        <test-method is-config="true" signature="tearDownMethod()[pri:0, instance:Com.SeleniumpracticeKp.Testclasses.ORGlogin@59309333]" started-at="2022-04-21T11:49:28 IST" name="tearDownMethod" finished-at="2022-04-21T11:49:29 IST" duration-ms="366" status="PASS">
          <reporter-output>
          </reporter-output>
        </test-method> <!-- tearDownMethod -->
      </class> <!-- Com.SeleniumpracticeKp.Testclasses.ORGlogin -->
      <class name="Com.SeleniumpracticeKp.Testclasses.PIMfunctionality">
        <test-method is-config="true" signature="SetupMethod()[pri:0, instance:Com.SeleniumpracticeKp.Testclasses.PIMfunctionality@2f9f7dcf]" started-at="2022-04-21T11:49:10 IST" name="SetupMethod" finished-at="2022-04-21T11:49:29 IST" duration-ms="19185" status="PASS">
          <reporter-output>
          </reporter-output>
        </test-method> <!-- SetupMethod -->
        <test-method signature="PIMfunction()[pri:1, instance:Com.SeleniumpracticeKp.Testclasses.PIMfunctionality@2f9f7dcf]" started-at="2022-04-21T11:49:29 IST" name="PIMfunction" finished-at="2022-04-21T11:49:32 IST" duration-ms="3679" status="PASS">
          <reporter-output>
          </reporter-output>
        </test-method> <!-- PIMfunction -->
        <test-method is-config="true" signature="tearDownMethod()[pri:0, instance:Com.SeleniumpracticeKp.Testclasses.PIMfunctionality@2f9f7dcf]" started-at="2022-04-21T11:49:32 IST" name="tearDownMethod" finished-at="2022-04-21T11:49:33 IST" duration-ms="325" status="PASS">
          <reporter-output>
          </reporter-output>
        </test-method> <!-- tearDownMethod -->
        <test-method is-config="true" signature="SetupMethod()[pri:0, instance:Com.SeleniumpracticeKp.Testclasses.PIMfunctionality@2f9f7dcf]" started-at="2022-04-21T11:49:33 IST" name="SetupMethod" finished-at="2022-04-21T11:49:44 IST" duration-ms="11619" status="PASS">
          <reporter-output>
          </reporter-output>
        </test-method> <!-- SetupMethod -->
        <test-method signature="PIMfunction()[pri:1, instance:Com.SeleniumpracticeKp.Testclasses.PIMfunctionality@2f9f7dcf]" started-at="2022-04-21T11:49:44 IST" name="PIMfunction" finished-at="2022-04-21T11:49:47 IST" duration-ms="2693" status="PASS">
          <reporter-output>
          </reporter-output>
        </test-method> <!-- PIMfunction -->
        <test-method is-config="true" signature="tearDownMethod()[pri:0, instance:Com.SeleniumpracticeKp.Testclasses.PIMfunctionality@2f9f7dcf]" started-at="2022-04-21T11:49:47 IST" name="tearDownMethod" finished-at="2022-04-21T11:49:47 IST" duration-ms="350" status="PASS">
          <reporter-output>
          </reporter-output>
        </test-method> <!-- tearDownMethod -->
        <test-method is-config="true" signature="SetupMethod()[pri:0, instance:Com.SeleniumpracticeKp.Testclasses.PIMfunctionality@2f9f7dcf]" started-at="2022-04-21T11:49:47 IST" name="SetupMethod" finished-at="2022-04-21T11:50:06 IST" duration-ms="18881" status="PASS">
          <reporter-output>
          </reporter-output>
        </test-method> <!-- SetupMethod -->
        <test-method signature="Adminfunction()[pri:2, instance:Com.SeleniumpracticeKp.Testclasses.PIMfunctionality@2f9f7dcf]" started-at="2022-04-21T11:50:06 IST" name="Adminfunction" finished-at="2022-04-21T11:50:08 IST" duration-ms="1639" status="PASS">
          <reporter-output>
          </reporter-output>
        </test-method> <!-- Adminfunction -->
        <test-method is-config="true" signature="tearDownMethod()[pri:0, instance:Com.SeleniumpracticeKp.Testclasses.PIMfunctionality@2f9f7dcf]" started-at="2022-04-21T11:50:08 IST" name="tearDownMethod" finished-at="2022-04-21T11:50:08 IST" duration-ms="299" status="PASS">
          <reporter-output>
          </reporter-output>
        </test-method> <!-- tearDownMethod -->
      </class> <!-- Com.SeleniumpracticeKp.Testclasses.PIMfunctionality -->
    </test> <!-- Test -->
  </suite> <!-- Suite -->
</testng-results>
